2019-02-24 19:02:26.751  INFO 16996 --- [main] c.j.hhitseat.HhitseatApplicationTests    : Starting HhitseatApplicationTests on JackWei with PID 16996 (started by 19604 in E:\Code\Eclipse2019\SpringBoot\hhitseat)
2019-02-24 19:02:26.754  INFO 16996 --- [main] c.j.hhitseat.HhitseatApplicationTests    : No active profile set, falling back to default profiles: default
2019-02-24 19:02:27.719  INFO 16996 --- [main] o.s.c.a.ConfigurationClassPostProcessor  : Cannot enhance @Configuration bean definition 'myBatisConfiguration' since its singleton instance has been created too early. The typical cause is a non-static @Bean method with a BeanDefinitionRegistryPostProcessor return type: Consider declaring such methods as 'static'.
2019-02-24 19:02:28.131  INFO 16996 --- [main] trationDelegate$BeanPostProcessorChecker : Bean 'shiroConfig' of type [com.jack.hhitseat.config.ShiroConfig$$EnhancerBySpringCGLIB$$fa742c20] is not eligible for getting processed by all BeanPostProcessors (for example: not eligible for auto-proxying)
2019-02-24 19:02:28.146  INFO 16996 --- [main] trationDelegate$BeanPostProcessorChecker : Bean 'org.springframework.transaction.annotation.ProxyTransactionManagementConfiguration' of type [org.springframework.transaction.annotation.ProxyTransactionManagementConfiguration$$EnhancerBySpringCGLIB$$fc23c658] is not eligible for getting processed by all BeanPostProcessors (for example: not eligible for auto-proxying)
2019-02-24 19:02:28.209  INFO 16996 --- [main] trationDelegate$BeanPostProcessorChecker : Bean 'customRealm' of type [com.jack.hhitseat.shiro.CustomRealm] is not eligible for getting processed by all BeanPostProcessors (for example: not eligible for auto-proxying)
2019-02-24 19:02:29.542  INFO 16996 --- [main] trationDelegate$BeanPostProcessorChecker : Bean 'securityManager' of type [org.apache.shiro.web.mgt.DefaultWebSecurityManager] is not eligible for getting processed by all BeanPostProcessors (for example: not eligible for auto-proxying)
2019-02-24 19:02:29.967  INFO 16996 --- [main] ConditionEvaluationReportLoggingListener : 

Error starting ApplicationContext. To display the conditions report re-run your application with 'debug' enabled.
2019-02-24 19:03:24.211  INFO 3652 --- [restartedMain] com.jack.hhitseat.HhitseatApplication    : Starting HhitseatApplication on JackWei with PID 3652 (E:\Code\Eclipse2019\SpringBoot\hhitseat\target\classes started by 19604 in E:\Code\Eclipse2019\SpringBoot\hhitseat)
2019-02-24 19:03:24.213  INFO 3652 --- [restartedMain] com.jack.hhitseat.HhitseatApplication    : No active profile set, falling back to default profiles: default
2019-02-24 19:03:24.250  INFO 3652 --- [restartedMain] .e.DevToolsPropertyDefaultsPostProcessor : Devtools property defaults active! Set 'spring.devtools.add-properties' to 'false' to disable
2019-02-24 19:03:24.250  INFO 3652 --- [restartedMain] .e.DevToolsPropertyDefaultsPostProcessor : For additional web related logging consider setting the 'logging.level.web' property to 'DEBUG'
2019-02-24 19:03:24.991  INFO 3652 --- [restartedMain] o.s.c.a.ConfigurationClassPostProcessor  : Cannot enhance @Configuration bean definition 'myBatisConfiguration' since its singleton instance has been created too early. The typical cause is a non-static @Bean method with a BeanDefinitionRegistryPostProcessor return type: Consider declaring such methods as 'static'.
2019-02-24 19:03:25.196  INFO 3652 --- [restartedMain] trationDelegate$BeanPostProcessorChecker : Bean 'shiroConfig' of type [com.jack.hhitseat.config.ShiroConfig$$EnhancerBySpringCGLIB$$c5d551e7] is not eligible for getting processed by all BeanPostProcessors (for example: not eligible for auto-proxying)
2019-02-24 19:03:25.206  INFO 3652 --- [restartedMain] trationDelegate$BeanPostProcessorChecker : Bean 'org.springframework.transaction.annotation.ProxyTransactionManagementConfiguration' of type [org.springframework.transaction.annotation.ProxyTransactionManagementConfiguration$$EnhancerBySpringCGLIB$$c784ec1f] is not eligible for getting processed by all BeanPostProcessors (for example: not eligible for auto-proxying)
2019-02-24 19:03:25.235  INFO 3652 --- [restartedMain] trationDelegate$BeanPostProcessorChecker : Bean 'customRealm' of type [com.jack.hhitseat.shiro.CustomRealm] is not eligible for getting processed by all BeanPostProcessors (for example: not eligible for auto-proxying)
2019-02-24 19:03:25.888  INFO 3652 --- [restartedMain] trationDelegate$BeanPostProcessorChecker : Bean 'securityManager' of type [org.apache.shiro.web.mgt.DefaultWebSecurityManager] is not eligible for getting processed by all BeanPostProcessors (for example: not eligible for auto-proxying)
2019-02-24 19:03:26.268  INFO 3652 --- [restartedMain] o.s.b.w.embedded.tomcat.TomcatWebServer  : Tomcat initialized with port(s): 8080 (http)
2019-02-24 19:03:26.282  INFO 3652 --- [restartedMain] o.a.coyote.http11.Http11NioProtocol      : Initializing ProtocolHandler ["http-nio-8080"]
2019-02-24 19:03:26.291  INFO 3652 --- [restartedMain] o.apache.catalina.core.StandardService   : Starting service [Tomcat]
2019-02-24 19:03:26.291  INFO 3652 --- [restartedMain] org.apache.catalina.core.StandardEngine  : Starting Servlet engine: [Apache Tomcat/9.0.16]
2019-02-24 19:03:26.299  INFO 3652 --- [restartedMain] o.a.catalina.core.AprLifecycleListener   : The APR based Apache Tomcat Native library which allows optimal performance in production environments was not found on the java.library.path: [D:\Program Files\Java\jdk1.8.0_202\bin;C:\Windows\Sun\Java\bin;C:\Windows\system32;C:\Windows;D:/Program Files/Java/jre1.8.0_202/bin/server;D:/Program Files/Java/jre1.8.0_202/bin;D:/Program Files/Java/jre1.8.0_202/lib/amd64;C:\Program Files (x86)\Common Files\Oracle\Java\javapath;C:\Program Files (x86)\Intel\iCLS Client\;C:\Program Files\Intel\iCLS Client\;C:\Windows\system32;C:\Windows;C:\Windows\System32\Wbem;C:\Windows\System32\WindowsPowerShell\v1.0\;C:\Windows\System32\OpenSSH\;C:\Program Files (x86)\NVIDIA Corporation\PhysX\Common;C:\Program Files (x86)\Intel\Intel(R) Management Engine Components\DAL;C:\Program Files\Intel\Intel(R) Management Engine Components\DAL;C:\Program Files (x86)\Intel\Intel(R) Management Engine Components\IPT;C:\Program Files\Intel\Intel(R) Management Engine Components\IPT;C:\Program Files\Intel\WiFi\bin\;C:\Program Files\Common Files\Intel\WirelessCommon\;D:\Program Files\Java\jdk1.8.0_202\bin;D:\Program Files\Java\jre1.8.0_202\bin;C:\Program Files\NVIDIA Corporation\NVIDIA NvDLISR;D:\Program Files\IDM Computer Solutions\UltraEdit;C:\Program Files\IDM Computer Solutions\UltraCompare;C:\Program Files\MySQL\MySQL Server 8.0\bin;D:\Program Files (x86)\QuickTime\QTSystem\;C:\Users\19604\AppData\Local\Microsoft\WindowsApps;C:\Program Files\Intel\WiFi\bin\;C:\Program Files\Common Files\Intel\WirelessCommon\;D:\Software\sts411;;.]
2019-02-24 19:03:26.478  INFO 3652 --- [restartedMain] o.a.c.c.C.[Tomcat].[localhost].[/]       : Initializing Spring embedded WebApplicationContext
2019-02-24 19:03:26.478  INFO 3652 --- [restartedMain] o.s.web.context.ContextLoader            : Root WebApplicationContext: initialization completed in 2228 ms
2019-02-24 19:03:26.515  INFO 3652 --- [restartedMain] o.apache.catalina.core.StandardService   : Stopping service [Tomcat]
2019-02-24 19:03:26.539  INFO 3652 --- [restartedMain] ConditionEvaluationReportLoggingListener : 

Error starting ApplicationContext. To display the conditions report re-run your application with 'debug' enabled.
2019-02-24 19:20:34.432  INFO 14892 --- [main] c.j.hhitseat.HhitseatApplicationTests    : Starting HhitseatApplicationTests on JackWei with PID 14892 (started by 19604 in E:\Code\Eclipse2019\SpringBoot\hhitseat)
2019-02-24 19:20:34.434  INFO 14892 --- [main] c.j.hhitseat.HhitseatApplicationTests    : No active profile set, falling back to default profiles: default
2019-02-24 19:20:35.407  INFO 14892 --- [main] o.s.c.a.ConfigurationClassPostProcessor  : Cannot enhance @Configuration bean definition 'myBatisConfiguration' since its singleton instance has been created too early. The typical cause is a non-static @Bean method with a BeanDefinitionRegistryPostProcessor return type: Consider declaring such methods as 'static'.
2019-02-24 19:20:35.821  INFO 14892 --- [main] trationDelegate$BeanPostProcessorChecker : Bean 'shiroConfig' of type [com.jack.hhitseat.config.ShiroConfig$$EnhancerBySpringCGLIB$$b9104be5] is not eligible for getting processed by all BeanPostProcessors (for example: not eligible for auto-proxying)
2019-02-24 19:20:35.834  INFO 14892 --- [main] trationDelegate$BeanPostProcessorChecker : Bean 'org.springframework.transaction.annotation.ProxyTransactionManagementConfiguration' of type [org.springframework.transaction.annotation.ProxyTransactionManagementConfiguration$$EnhancerBySpringCGLIB$$babfe61d] is not eligible for getting processed by all BeanPostProcessors (for example: not eligible for auto-proxying)
2019-02-24 19:20:35.889  INFO 14892 --- [main] trationDelegate$BeanPostProcessorChecker : Bean 'customRealm' of type [com.jack.hhitseat.shiro.CustomRealm] is not eligible for getting processed by all BeanPostProcessors (for example: not eligible for auto-proxying)
2019-02-24 19:20:36.697  INFO 14892 --- [main] trationDelegate$BeanPostProcessorChecker : Bean 'securityManager' of type [org.apache.shiro.web.mgt.DefaultWebSecurityManager] is not eligible for getting processed by all BeanPostProcessors (for example: not eligible for auto-proxying)
2019-02-24 19:20:37.186  INFO 14892 --- [main] ConditionEvaluationReportLoggingListener : 

Error starting ApplicationContext. To display the conditions report re-run your application with 'debug' enabled.
2019-02-24 19:23:02.414  INFO 16328 --- [main] c.j.hhitseat.HhitseatApplicationTests    : Starting HhitseatApplicationTests on JackWei with PID 16328 (started by 19604 in E:\Code\Eclipse2019\SpringBoot\hhitseat)
2019-02-24 19:23:02.417  INFO 16328 --- [main] c.j.hhitseat.HhitseatApplicationTests    : No active profile set, falling back to default profiles: default
2019-02-24 19:23:03.768  INFO 16328 --- [main] o.s.c.a.ConfigurationClassPostProcessor  : Cannot enhance @Configuration bean definition 'myBatisConfiguration' since its singleton instance has been created too early. The typical cause is a non-static @Bean method with a BeanDefinitionRegistryPostProcessor return type: Consider declaring such methods as 'static'.
2019-02-24 19:23:04.219  INFO 16328 --- [main] trationDelegate$BeanPostProcessorChecker : Bean 'shiroConfig' of type [com.jack.hhitseat.config.ShiroConfig$$EnhancerBySpringCGLIB$$dc58787c] is not eligible for getting processed by all BeanPostProcessors (for example: not eligible for auto-proxying)
2019-02-24 19:23:04.230  INFO 16328 --- [main] trationDelegate$BeanPostProcessorChecker : Bean 'org.springframework.transaction.annotation.ProxyTransactionManagementConfiguration' of type [org.springframework.transaction.annotation.ProxyTransactionManagementConfiguration$$EnhancerBySpringCGLIB$$de0812b4] is not eligible for getting processed by all BeanPostProcessors (for example: not eligible for auto-proxying)
2019-02-24 19:23:04.280  INFO 16328 --- [main] trationDelegate$BeanPostProcessorChecker : Bean 'customRealm' of type [com.jack.hhitseat.shiro.CustomRealm] is not eligible for getting processed by all BeanPostProcessors (for example: not eligible for auto-proxying)
2019-02-24 19:23:04.944  INFO 16328 --- [main] trationDelegate$BeanPostProcessorChecker : Bean 'securityManager' of type [org.apache.shiro.web.mgt.DefaultWebSecurityManager] is not eligible for getting processed by all BeanPostProcessors (for example: not eligible for auto-proxying)
2019-02-24 19:23:05.341  INFO 16328 --- [main] ConditionEvaluationReportLoggingListener : 

Error starting ApplicationContext. To display the conditions report re-run your application with 'debug' enabled.
